<?xml version="1.0" encoding="UTF-8"?>
<!-- Generated by org.testng.reporters.JUnitXMLReporter -->
<testsuite ignored="0" hostname="LAPTOP-K4M0I273" failures="0" tests="6" name="Command line test" time="132.651" errors="0" timestamp="20 Jan. 2022 22:10:39 GMT">
  <testcase classname="tests.GmailLoginTest" name="LoginWithCorrectEmailAndPassword" time="12.167"/>
  <testcase classname="tests.GmailLoginTest" name="LoginWithNonExistingEmailTest" time="3.577"/>
  <testcase classname="tests.GmailLoginTest" name="LoginWithCorrectEmailAndWrongPassword" time="14.525"/>
  <testcase classname="tests.GmailLoginTest" name="LoginWithSpecialCharacterEmail" time="3.997"/>
  <testcase classname="tests.GmailLoginTest" name="LoginWithCurrectYahooEmailID" time="4.913"/>
  <testcase classname="tests.GmailLoginTest" name="LoginWithGoogleConnectedAccountEmailID" time="18.179"/>
</testsuite> <!-- Command line test -->
