<?xml version="1.0" encoding="UTF-8" ?>
<testsuite tests="6" failures="0" name="tests.GmailLoginTest" time="57.358" errors="0" skipped="0">
  <properties>
[...]
</properties>
  <testcase classname="tests.GmailLoginTest" name="LoginWithCorrectEmailAndPassword" time="12.168"/>
  <testcase classname="tests.GmailLoginTest" name="LoginWithNonExistingEmailTest" time="3.577"/>
  <testcase classname="tests.GmailLoginTest" name="LoginWithCorrectEmailAndWrongPassword" time="14.524"/>
  <testcase classname="tests.GmailLoginTest" name="LoginWithSpecialCharacterEmail" time="3.996"/>
  <testcase classname="tests.GmailLoginTest" name="LoginWithCurrectYahooEmailID" time="4.913"/>
  <testcase classname="tests.GmailLoginTest" name="LoginWithGoogleConnectedAccountEmailID" time="18.18"/>
</testsuite>