<?xml version="1.0" encoding="UTF-8"?>
<testng-results ignored="0" total="6" passed="6" failed="0" skipped="0">
  <reporter-output>
  </reporter-output>
  <suite started-at="2022-01-20T22:08:26Z" name="tests.GmailLoginTest" finished-at="2022-01-20T22:10:39Z" duration-ms="132651">
    <groups>
      <group name="regration">
        <method signature="GmailLoginTest.LoginWithCorrectEmailAndWrongPassword()[pri:3, instance:tests.GmailLoginTest@71075444]" name="LoginWithCorrectEmailAndWrongPassword" class="tests.GmailLoginTest"/>
        <method signature="GmailLoginTest.LoginWithCurrectYahooEmailID()[pri:5, instance:tests.GmailLoginTest@71075444]" name="LoginWithCurrectYahooEmailID" class="tests.GmailLoginTest"/>
        <method signature="GmailLoginTest.LoginWithGoogleConnectedAccountEmailID()[pri:6, instance:tests.GmailLoginTest@71075444]" name="LoginWithGoogleConnectedAccountEmailID" class="tests.GmailLoginTest"/>
        <method signature="GmailLoginTest.LoginWithNonExistingEmailTest()[pri:2, instance:tests.GmailLoginTest@71075444]" name="LoginWithNonExistingEmailTest" class="tests.GmailLoginTest"/>
        <method signature="GmailLoginTest.LoginWithSpecialCharacterEmail()[pri:4, instance:tests.GmailLoginTest@71075444]" name="LoginWithSpecialCharacterEmail" class="tests.GmailLoginTest"/>
      </group> <!-- regration -->
      <group name="smoke">
        <method signature="GmailLoginTest.LoginWithCorrectEmailAndPassword()[pri:1, instance:tests.GmailLoginTest@71075444]" name="LoginWithCorrectEmailAndPassword" class="tests.GmailLoginTest"/>
      </group> <!-- smoke -->
    </groups>
    <test started-at="2022-01-20T22:08:26Z" name="Command line test" finished-at="2022-01-20T22:10:39Z" duration-ms="132651">
      <class name="tests.GmailLoginTest">
        <test-method is-config="true" signature="beforeMethod()[pri:0, instance:tests.GmailLoginTest@71075444]" started-at="2022-01-20T17:08:26Z" name="beforeMethod" finished-at="2022-01-20T17:08:36Z" duration-ms="9896" status="PASS">
          <reporter-output>
          </reporter-output>
        </test-method> <!-- beforeMethod -->
        <test-method signature="LoginWithCorrectEmailAndPassword()[pri:1, instance:tests.GmailLoginTest@71075444]" started-at="2022-01-20T17:08:36Z" name="LoginWithCorrectEmailAndPassword" finished-at="2022-01-20T17:08:48Z" duration-ms="12167" status="PASS">
          <reporter-output>
          </reporter-output>
        </test-method> <!-- LoginWithCorrectEmailAndPassword -->
        <test-method is-config="true" signature="afterMethod()[pri:0, instance:tests.GmailLoginTest@71075444]" started-at="2022-01-20T17:08:48Z" name="afterMethod" finished-at="2022-01-20T17:08:53Z" duration-ms="4892" status="PASS">
          <reporter-output>
          </reporter-output>
        </test-method> <!-- afterMethod -->
        <test-method is-config="true" signature="beforeMethod()[pri:0, instance:tests.GmailLoginTest@71075444]" started-at="2022-01-20T17:08:53Z" name="beforeMethod" finished-at="2022-01-20T17:09:04Z" duration-ms="10597" status="PASS">
          <reporter-output>
          </reporter-output>
        </test-method> <!-- beforeMethod -->
        <test-method signature="LoginWithNonExistingEmailTest()[pri:2, instance:tests.GmailLoginTest@71075444]" started-at="2022-01-20T17:09:04Z" name="LoginWithNonExistingEmailTest" finished-at="2022-01-20T17:09:07Z" duration-ms="3577" status="PASS">
          <reporter-output>
          </reporter-output>
        </test-method> <!-- LoginWithNonExistingEmailTest -->
        <test-method is-config="true" signature="afterMethod()[pri:0, instance:tests.GmailLoginTest@71075444]" started-at="2022-01-20T17:09:07Z" name="afterMethod" finished-at="2022-01-20T17:09:10Z" duration-ms="2643" status="PASS">
          <reporter-output>
          </reporter-output>
        </test-method> <!-- afterMethod -->
        <test-method is-config="true" signature="beforeMethod()[pri:0, instance:tests.GmailLoginTest@71075444]" started-at="2022-01-20T17:09:10Z" name="beforeMethod" finished-at="2022-01-20T17:09:19Z" duration-ms="8676" status="PASS">
          <reporter-output>
          </reporter-output>
        </test-method> <!-- beforeMethod -->
        <test-method signature="LoginWithCorrectEmailAndWrongPassword()[pri:3, instance:tests.GmailLoginTest@71075444]" started-at="2022-01-20T17:09:19Z" name="LoginWithCorrectEmailAndWrongPassword" finished-at="2022-01-20T17:09:33Z" duration-ms="14525" status="PASS">
          <reporter-output>
          </reporter-output>
        </test-method> <!-- LoginWithCorrectEmailAndWrongPassword -->
        <test-method is-config="true" signature="afterMethod()[pri:0, instance:tests.GmailLoginTest@71075444]" started-at="2022-01-20T17:09:33Z" name="afterMethod" finished-at="2022-01-20T17:09:36Z" duration-ms="2444" status="PASS">
          <reporter-output>
          </reporter-output>
        </test-method> <!-- afterMethod -->
        <test-method is-config="true" signature="beforeMethod()[pri:0, instance:tests.GmailLoginTest@71075444]" started-at="2022-01-20T17:09:36Z" name="beforeMethod" finished-at="2022-01-20T17:09:45Z" duration-ms="9565" status="PASS">
          <reporter-output>
          </reporter-output>
        </test-method> <!-- beforeMethod -->
        <test-method signature="LoginWithSpecialCharacterEmail()[pri:4, instance:tests.GmailLoginTest@71075444]" started-at="2022-01-20T17:09:45Z" name="LoginWithSpecialCharacterEmail" finished-at="2022-01-20T17:09:49Z" duration-ms="3997" status="PASS">
          <reporter-output>
          </reporter-output>
        </test-method> <!-- LoginWithSpecialCharacterEmail -->
        <test-method is-config="true" signature="afterMethod()[pri:0, instance:tests.GmailLoginTest@71075444]" started-at="2022-01-20T17:09:49Z" name="afterMethod" finished-at="2022-01-20T17:09:52Z" duration-ms="2579" status="PASS">
          <reporter-output>
          </reporter-output>
        </test-method> <!-- afterMethod -->
        <test-method is-config="true" signature="beforeMethod()[pri:0, instance:tests.GmailLoginTest@71075444]" started-at="2022-01-20T17:09:52Z" name="beforeMethod" finished-at="2022-01-20T17:10:01Z" duration-ms="9727" status="PASS">
          <reporter-output>
          </reporter-output>
        </test-method> <!-- beforeMethod -->
        <test-method signature="LoginWithCurrectYahooEmailID()[pri:5, instance:tests.GmailLoginTest@71075444]" started-at="2022-01-20T17:10:01Z" name="LoginWithCurrectYahooEmailID" finished-at="2022-01-20T17:10:06Z" duration-ms="4913" status="PASS">
          <reporter-output>
          </reporter-output>
        </test-method> <!-- LoginWithCurrectYahooEmailID -->
        <test-method is-config="true" signature="afterMethod()[pri:0, instance:tests.GmailLoginTest@71075444]" started-at="2022-01-20T17:10:06Z" name="afterMethod" finished-at="2022-01-20T17:10:08Z" duration-ms="2104" status="PASS">
          <reporter-output>
          </reporter-output>
        </test-method> <!-- afterMethod -->
        <test-method is-config="true" signature="beforeMethod()[pri:0, instance:tests.GmailLoginTest@71075444]" started-at="2022-01-20T17:10:08Z" name="beforeMethod" finished-at="2022-01-20T17:10:17Z" duration-ms="8238" status="PASS">
          <reporter-output>
          </reporter-output>
        </test-method> <!-- beforeMethod -->
        <test-method signature="LoginWithGoogleConnectedAccountEmailID()[pri:6, instance:tests.GmailLoginTest@71075444]" started-at="2022-01-20T17:10:17Z" name="LoginWithGoogleConnectedAccountEmailID" finished-at="2022-01-20T17:10:35Z" duration-ms="18179" status="PASS">
          <reporter-output>
          </reporter-output>
        </test-method> <!-- LoginWithGoogleConnectedAccountEmailID -->
        <test-method is-config="true" signature="afterMethod()[pri:0, instance:tests.GmailLoginTest@71075444]" started-at="2022-01-20T17:10:35Z" name="afterMethod" finished-at="2022-01-20T17:10:39Z" duration-ms="3916" status="PASS">
          <reporter-output>
          </reporter-output>
        </test-method> <!-- afterMethod -->
      </class> <!-- tests.GmailLoginTest -->
    </test> <!-- Command line test -->
  </suite> <!-- tests.GmailLoginTest -->
</testng-results>
